# JRE version: OpenJDK Runtime Environment (17.0.11) (build 17.0.11+0--11852314)
# Java VM: OpenJDK 64-Bit Server VM (17.0.11+0--11852314, mixed mode, tiered, compressed oops, compressed class ptrs, g1 gc, windows-amd64)
GC Precious Log:
 CPUs: 16 total, 16 available
 Memory: 16328M
 Large Page Support: Disabled
 NUMA Support: Disabled
 Compressed Oops: Enabled (Zero based)
 Heap Region Size: 2M
 Heap Min Capacity: 8M
 Heap Initial Capacity: 256M
 Heap Max Capacity: 4084M
 Pre-touch: Disabled
 Parallel Workers: 13
 Concurrent Workers: 3
 Concurrent Refinement Workers: 13
 Periodic GC: Disabled
Heap:
 garbage-first heap   total 192512K, used 101912K [0x0000000700c00000, 0x0000000800000000)
  region size 2048K, 14 young (28672K), 2 survivors (4096K)
 Metaspace       used 82855K, committed 83200K, reserved 1179648K
  class space    used 8941K, committed 9088K, reserved 1048576K
GC Heap History (20 events):
Event: 2.174 GC heap before
{Heap before GC invocations=10 (full 0):
 garbage-first heap   total 61440K, used 18627K [0x0000000700c00000, 0x0000000800000000)
  region size 2048K, 4 young (8192K), 3 survivors (6144K)
 Metaspace       used 42901K, committed 43136K, reserved 1114112K
  class space    used 5201K, committed 5312K, reserved 1048576K
}
Event: 2.180 GC heap after
{Heap after GC invocations=11 (full 0):
 garbage-first heap   total 61440K, used 18938K [0x0000000700c00000, 0x0000000800000000)
  region size 2048K, 1 young (2048K), 1 survivors (2048K)
 Metaspace       used 42901K, committed 43136K, reserved 1114112K
  class space    used 5201K, committed 5312K, reserved 1048576K
}
Event: 2.531 GC heap before
{Heap before GC invocations=11 (full 0):
 garbage-first heap   total 61440K, used 45562K [0x0000000700c00000, 0x0000000800000000)
  region size 2048K, 13 young (26624K), 1 survivors (2048K)
 Metaspace       used 47759K, committed 47936K, reserved 1114112K
  class space    used 5752K, committed 5824K, reserved 1048576K
}
Event: 2.537 GC heap after
{Heap after GC invocations=12 (full 0):
 garbage-first heap   total 61440K, used 24321K [0x0000000700c00000, 0x0000000800000000)
  region size 2048K, 2 young (4096K), 2 survivors (4096K)
 Metaspace       used 47759K, committed 47936K, reserved 1114112K
  class space    used 5752K, committed 5824K, reserved 1048576K
}
Event: 2.632 GC heap before
{Heap before GC invocations=12 (full 0):
 garbage-first heap   total 61440K, used 44801K [0x0000000700c00000, 0x0000000800000000)
  region size 2048K, 12 young (24576K), 2 survivors (4096K)
 Metaspace       used 48149K, committed 48384K, reserved 1114112K
  class space    used 5782K, committed 5888K, reserved 1048576K
}
Event: 2.639 GC heap after
{Heap after GC invocations=13 (full 0):
 garbage-first heap   total 161792K, used 26347K [0x0000000700c00000, 0x0000000800000000)
  region size 2048K, 1 young (2048K), 1 survivors (2048K)
 Metaspace       used 48149K, committed 48384K, reserved 1114112K
  class space    used 5782K, committed 5888K, reserved 1048576K
}
Event: 3.633 GC heap before
{Heap before GC invocations=13 (full 0):
 garbage-first heap   total 161792K, used 106219K [0x0000000700c00000, 0x0000000800000000)
  region size 2048K, 40 young (81920K), 1 survivors (2048K)
 Metaspace       used 56136K, committed 56320K, reserved 1114112K
  class space    used 6565K, committed 6656K, reserved 1048576K
}
Event: 3.645 GC heap after
{Heap after GC invocations=14 (full 0):
 garbage-first heap   total 161792K, used 37060K [0x0000000700c00000, 0x0000000800000000)
  region size 2048K, 5 young (10240K), 5 survivors (10240K)
 Metaspace       used 56136K, committed 56320K, reserved 1114112K
  class space    used 6565K, committed 6656K, reserved 1048576K
}
Event: 4.059 GC heap before
{Heap before GC invocations=14 (full 0):
 garbage-first heap   total 161792K, used 102596K [0x0000000700c00000, 0x0000000800000000)
  region size 2048K, 38 young (77824K), 5 survivors (10240K)
 Metaspace       used 58644K, committed 58816K, reserved 1114112K
  class space    used 6877K, committed 6976K, reserved 1048576K
}
Event: 4.074 GC heap after
{Heap after GC invocations=15 (full 0):
 garbage-first heap   total 161792K, used 43047K [0x0000000700c00000, 0x0000000800000000)
  region size 2048K, 3 young (6144K), 3 survivors (6144K)
 Metaspace       used 58644K, committed 58816K, reserved 1114112K
  class space    used 6877K, committed 6976K, reserved 1048576K
}
Event: 5.456 GC heap before
{Heap before GC invocations=16 (full 0):
 garbage-first heap   total 157696K, used 112679K [0x0000000700c00000, 0x0000000800000000)
  region size 2048K, 37 young (75776K), 3 survivors (6144K)
 Metaspace       used 62776K, committed 63040K, reserved 1114112K
  class space    used 7131K, committed 7232K, reserved 1048576K
}
Event: 5.471 GC heap after
{Heap after GC invocations=17 (full 0):
 garbage-first heap   total 157696K, used 51229K [0x0000000700c00000, 0x0000000800000000)
  region size 2048K, 5 young (10240K), 5 survivors (10240K)
 Metaspace       used 62776K, committed 63040K, reserved 1114112K
  class space    used 7131K, committed 7232K, reserved 1048576K
}
Event: 6.788 GC heap before
{Heap before GC invocations=17 (full 0):
 garbage-first heap   total 157696K, used 114717K [0x0000000700c00000, 0x0000000800000000)
  region size 2048K, 36 young (73728K), 5 survivors (10240K)
 Metaspace       used 63751K, committed 64000K, reserved 1114112K
  class space    used 7187K, committed 7296K, reserved 1048576K
}
Event: 6.806 GC heap after
{Heap after GC invocations=18 (full 0):
 garbage-first heap   total 157696K, used 57560K [0x0000000700c00000, 0x0000000800000000)
  region size 2048K, 3 young (6144K), 3 survivors (6144K)
 Metaspace       used 63751K, committed 64000K, reserved 1114112K
  class space    used 7187K, committed 7296K, reserved 1048576K
}
Event: 7.738 GC heap before
{Heap before GC invocations=18 (full 0):
 garbage-first heap   total 157696K, used 121048K [0x0000000700c00000, 0x0000000800000000)
  region size 2048K, 33 young (67584K), 3 survivors (6144K)
 Metaspace       used 70348K, committed 70656K, reserved 1114112K
  class space    used 7836K, committed 8000K, reserved 1048576K
}
Event: 7.750 GC heap after
{Heap after GC invocations=19 (full 0):
 garbage-first heap   total 192512K, used 65171K [0x0000000700c00000, 0x0000000800000000)
  region size 2048K, 3 young (6144K), 3 survivors (6144K)
 Metaspace       used 70348K, committed 70656K, reserved 1114112K
  class space    used 7836K, committed 8000K, reserved 1048576K
}
Event: 8.793 GC heap before
{Heap before GC invocations=19 (full 0):
 garbage-first heap   total 192512K, used 145043K [0x0000000700c00000, 0x0000000800000000)
  region size 2048K, 42 young (86016K), 3 survivors (6144K)
 Metaspace       used 78588K, committed 78848K, reserved 1179648K
  class space    used 8617K, committed 8768K, reserved 1048576K
}
Event: 8.809 GC heap after
{Heap after GC invocations=20 (full 0):
 garbage-first heap   total 192512K, used 75697K [0x0000000700c00000, 0x0000000800000000)
  region size 2048K, 6 young (12288K), 6 survivors (12288K)
 Metaspace       used 78588K, committed 78848K, reserved 1179648K
  class space    used 8617K, committed 8768K, reserved 1048576K
}
Event: 9.494 GC heap before
{Heap before GC invocations=20 (full 0):
 garbage-first heap   total 192512K, used 145329K [0x0000000700c00000, 0x0000000800000000)
  region size 2048K, 40 young (81920K), 6 survivors (12288K)
 Metaspace       used 82655K, committed 83008K, reserved 1179648K
  class space    used 8934K, committed 9088K, reserved 1048576K
}
Event: 9.509 GC heap after
{Heap after GC invocations=21 (full 0):
 garbage-first heap   total 192512K, used 79384K [0x0000000700c00000, 0x0000000800000000)
  region size 2048K, 2 young (4096K), 2 survivors (4096K)
 Metaspace       used 82655K, committed 83008K, reserved 1179648K
  class space    used 8934K, committed 9088K, reserved 1048576K
}

